<!DOCTYPE html PUBLIC "-//W3C//DTD XHTML 1.1//EN" "http://www.w3.org/TR/xhtml11/DTD/xhtml11.dtd">
<html xmlns="http://www.w3.org/1999/xhtml"><head><title>TestNG Report</title><style type="text/css">table {margin-bottom:10px;border-collapse:collapse;empty-cells:show}th,td {border:1px solid #009;padding:.25em .5em}th {vertical-align:bottom}td {vertical-align:top}table a {font-weight:bold}.stripe td {background-color: #E6EBF9}.num {text-align:right}.passedodd td {background-color: #3F3}.passedeven td {background-color: #0A0}.skippedodd td {background-color: #DDD}.skippedeven td {background-color: #CCC}.failedodd td,.attn {background-color: #F33}.failedeven td,.stripe .attn {background-color: #D00}.stacktrace {white-space:pre;font-family:monospace}.totop {font-size:85%;text-align:center;border-bottom:2px solid #000}</style></head><body><table><tr><th>Test</th><th># Passed</th><th># Skipped</th><th># Failed</th><th>Time (ms)</th><th>Included Groups</th><th>Excluded Groups</th></tr><tr><th colspan="7">Command line suite</th></tr><tr><td><a href="#t0">Command line test</a></td><td class="num">0</td><td class="num">0</td><td class="num attn">1</td><td class="num">208 857</td><td></td><td></td></tr></table><table><thead><tr><th>Class</th><th>Method</th><th>Start</th><th>Time (ms)</th></tr></thead><tbody><tr><th colspan="4">Command line suite</th></tr></tbody><tbody id="t0"><tr><th colspan="4">Command line test &#8212; failed</th></tr><tr class="failedeven"><td rowspan="1">steps.LoginTest</td><td><a href="#m0">feature</a></td><td rowspan="1">1565961609651</td><td rowspan="1">205357</td></tr></tbody></table><h2>Command line test</h2><h3 id="m0">steps.LoginTest#feature</h3><table class="result"><tr class="param"><th>Parameter #1</th></tr><tr class="param stripe"><td>Test the bank accounts menu</td></tr><tr><th>Exception</th></tr><tr><td><div class="stacktrace">cucumber.runtime.CucumberException: org.openqa.selenium.NoSuchElementException: Can&apos;t locate an element by this strategy: Locator map: 
- native content: &quot;By.AndroidUIAutomator: new UiSelector().textContains(&quot;BELFIUS BANK&quot;)&quot; 
- html content: &quot;by id or name &quot;belfiusBA&quot;&quot;
For documentation on this error, please visit: http://seleniumhq.org/exceptions/no_such_element.html
Build info: version: &apos;2.46.0&apos;, revision: &apos;61506a4624b13675f24581e453592342b7485d71&apos;, time: &apos;2015-06-04 10:22:50&apos;
System info: host: &apos;Lenovo-Tristan-Gueneau&apos;, ip: &apos;10.4.12.171&apos;, os.name: &apos;Windows 10&apos;, os.arch: &apos;amd64&apos;, os.version: &apos;10.0&apos;, java.version: &apos;11.0.2&apos;
Driver info: driver.version: unknown
	at cucumber.api.testng.TestNGCucumberRunner.runCucumber(TestNGCucumberRunner.java:69)
	at cucumber.api.testng.AbstractTestNGCucumberTests.feature(AbstractTestNGCucumberTests.java:21)
Caused by: org.openqa.selenium.NoSuchElementException: Can&apos;t locate an element by this strategy: Locator map: 
- native content: &quot;By.AndroidUIAutomator: new UiSelector().textContains(&quot;BELFIUS BANK&quot;)&quot; 
- html content: &quot;by id or name &quot;belfiusBA&quot;&quot;
For documentation on this error, please visit: http://seleniumhq.org/exceptions/no_such_element.html
Build info: version: &apos;2.46.0&apos;, revision: &apos;61506a4624b13675f24581e453592342b7485d71&apos;, time: &apos;2015-06-04 10:22:50&apos;
System info: host: &apos;Lenovo-Tristan-Gueneau&apos;, ip: &apos;10.4.12.171&apos;, os.name: &apos;Windows 10&apos;, os.arch: &apos;amd64&apos;, os.version: &apos;10.0&apos;, java.version: &apos;11.0.2&apos;
Driver info: driver.version: unknown
	at io.appium.java_client.pagefactory.AppiumElementLocator.findElement(AppiumElementLocator.java:169)
	at io.appium.java_client.pagefactory.ElementInterceptor.intercept(ElementInterceptor.java:30)
	at io.appium.java_client.android.AndroidElement$$EnhancerByCGLIB$$64a3ef92.toString(&lt;generated&gt;)
	at java.base/java.lang.String.valueOf(String.java:2951)
	at java.base/java.lang.StringBuilder.append(StringBuilder.java:168)
	at org.openqa.selenium.support.ui.ExpectedConditions$10.toString(ExpectedConditions.java:293)
	at org.openqa.selenium.support.ui.FluentWait.until(FluentWait.java:224)
	at pages.BanksAndCards.pressButton(BanksAndCards.java:120)
	at commands.CreateButtonCommand$49.press(CreateButtonCommand.java:356)
	at commands.CreateButtonCommand.pressButton(CreateButtonCommand.java:469)
	at steps.LoginTest.pressButton(LoginTest.java:85)
	at ?.And I press button &quot;BELFIUS BANK&quot;(BankAccounts.feature:14)
... Removed 34 stack frames</div></td></tr></table><p class="totop"><a href="#summary">back to summary</a></p></body></html>